1728818301551	geckodriver	INFO	Listening on 127.0.0.1:33747
1728818301699	mozrunner::runner	INFO	Running command: "C:\\Program Files\\Mozilla Firefox\\firefox.exe" "--marionette" "--remote-debugging-port" "41321" "--remote ... alhost:41321/,http://[::1]:41321/" "-no-remote" "-profile" "C:\\Users\\CKOAMO~1\\AppData\\Local\\Temp\\rust_mozprofileaEo47f"
console.warn: services.settings: Ignoring preference override of remote settings server
console.warn: services.settings: Allow by setting MOZ_REMOTE_SETTINGS_DEVTOOLS=1 in the environment
Dynamically enable window occlusion 0
1728818302422	Marionette	INFO	Marionette enabled
1728818302770	Marionette	INFO	Listening on port 62908
WebDriver BiDi listening on ws://127.0.0.1:41321
Read port: 62908
1728818302983	RemoteAgent	WARN	TLS certificate errors will be ignored for this session
DevTools listening on ws://127.0.0.1:41321/devtools/browser/b7d26168-4dc2-4c88-94f2-10905e01c78e
console.warn: LoginRecipes: "Falling back to a synchronous message for: http://localhost."
console.warn: LoginRecipes: "Falling back to a synchronous message for: http://localhost."
JavaScript error: , line 0: uncaught exception: Object
JavaScript error: , line 0: uncaught exception: Object
JavaScript error: , line 0: uncaught exception: Object
JavaScript error: , line 0: uncaught exception: Object
JavaScript error: , line 0: uncaught exception: Object
JavaScript error: , line 0: uncaught exception: Object
JavaScript error: , line 0: uncaught exception: Object
JavaScript error: , line 0: uncaught exception: Object
JavaScript error: resource://gre/actors/FormHandlerChild.sys.mjs, line 103: InvalidStateError: JSWindowActorChild.document getter: Cannot access property 'document' after actor 'FormHandler' has been destroyed
1728818321751	RemoteAgent	INFO	Perform WebSocket upgrade for incoming connection from 127.0.0.1:62975
1728818321757	CDP	WARN	Support for the Chrome DevTools Protocol (CDP) in Firefox will be deprecated after Firefox 128 (ESR) and will be removed in a later release. CDP users should consider migrating to WebDriver BiDi. See https://bugzilla.mozilla.org/show_bug.cgi?id=1872254
1728818321757	CDP	WARN	Invalid browser preferences for CDP. Set "fission.webContentIsolationStrategy"to 0 and "fission.bfcacheInParent" to false before Firefox starts.
1728818321761	Marionette	INFO	Stopped listening on port 62908
Dynamically enable window occlusion 1
